#
# There is insufficient memory for the Java Runtime Environment to continue.
# Native memory allocation (malloc) failed to allocate 1475216 bytes for Chunk::new
# Possible reasons:
#   The system is out of physical RAM or swap space
#   The process is running with CompressedOops enabled, and the Java Heap may be blocking the growth of the native heap
# Possible solutions:
#   Reduce memory load on the system
#   Increase physical memory or swap space
#   Check if swap backing store is full
#   Decrease Java heap size (-Xmx/-Xms)
#   Decrease number of Java threads
#   Decrease Java thread stack sizes (-Xss)
#   Set larger code cache with -XX:ReservedCodeCacheSize=
#   JVM is running with Unscaled Compressed Oops mode in which the Java heap is
#     placed in the first 4GB address space. The Java Heap base address is the
#     maximum limit for the native heap growth. Please use -XX:HeapBaseMinAddress
#     to set the Java Heap base and to place the Java Heap above 4GB virtual address.
# This output file may be truncated or incomplete.
#
#  Out of Memory Error (allocation.cpp:389), pid=8700, tid=0x00000000000018f8
#
# JRE version: OpenJDK Runtime Environment (8.0_242-b01) (build 1.8.0_242-release-1644-b01)
# Java VM: OpenJDK 64-Bit Server VM (25.242-b01 mixed mode windows-amd64 compressed oops)
# Failed to write core dump. Minidumps are not enabled by default on client versions of Windows
#

---------------  T H R E A D  ---------------

Current thread (0x0000000017783000):  JavaThread "C2 CompilerThread0" daemon [_thread_in_native, id=6392, stack(0x0000000018de0000,0x0000000018ee0000)]

Stack: [0x0000000018de0000,0x0000000018ee0000]
[error occurred during error reporting (printing stack bounds), id 0xc0000005]

Native frames: (J=compiled Java code, j=interpreted, Vv=VM code, C=native code)


Current CompileTask:
C2:3967463 25951   !   4       com.android.ide.common.resources.ResourceSet::createFileAndItemsFromXml (583 bytes)


---------------  P R O C E S S  ---------------

Java Threads: ( => current thread )
  0x000000001b5cf800 JavaThread "Cache worker for execution history cache (C:\Users\saman\AndroidStudioProjects\Assignment5Project\.gradle\6.5\executionHistory)" [_thread_blocked, id=4804, stack(0x000000002c080000,0x000000002c180000)]
  0x000000001b5ce800 JavaThread "Execution worker for ':' Thread 3" [_thread_blocked, id=5132, stack(0x000000002b240000,0x000000002b340000)]
  0x000000001b5c9800 JavaThread "Execution worker for ':' Thread 2" [_thread_blocked, id=5384, stack(0x000000002b140000,0x000000002b240000)]
  0x000000001b5c6800 JavaThread "Execution worker for ':'" [_thread_blocked, id=4124, stack(0x0000000029b90000,0x0000000029c90000)]
  0x000000001b5c8000 JavaThread "Cache worker for file content cache (C:\Users\saman\AndroidStudioProjects\Assignment5Project\.gradle\6.5\fileContent)" [_thread_blocked, id=11064, stack(0x0000000029390000,0x0000000029490000)]
  0x000000001b5cb000 JavaThread "Cache worker for Build Output Cleanup Cache (C:\Users\saman\AndroidStudioProjects\Assignment5Project\.gradle\buildOutputCleanup)" [_thread_blocked, id=7644, stack(0x0000000028110000,0x0000000028210000)]
  0x000000001e53c000 JavaThread "Build operations Thread 4" [_thread_blocked, id=1276, stack(0x0000000021a10000,0x0000000021b10000)]
  0x000000001e53a000 JavaThread "Build operations Thread 3" [_thread_blocked, id=8112, stack(0x000000001fd60000,0x000000001fe60000)]
  0x000000001e53d800 JavaThread "Build operations Thread 2" [_thread_blocked, id=7864, stack(0x000000001ebe0000,0x000000001ece0000)]
  0x000000001e531000 JavaThread "Build operations" [_thread_blocked, id=8716, stack(0x000000001d210000,0x000000001d310000)]
  0x000000001e53b800 JavaThread "Cache worker for cache directory md-rule (C:\Users\saman\.gradle\caches\6.5\md-rule)" [_thread_blocked, id=9032, stack(0x000000001d110000,0x000000001d210000)]
  0x000000001e539000 JavaThread "Cache worker for cache directory md-supplier (C:\Users\saman\.gradle\caches\6.5\md-supplier)" [_thread_blocked, id=2112, stack(0x000000001d010000,0x000000001d110000)]
  0x000000001e531800 JavaThread "Cache worker for checksums cache (C:\Users\saman\AndroidStudioProjects\Assignment5Project\.gradle\checksums)" [_thread_blocked, id=7264, stack(0x000000001cf10000,0x000000001d010000)]
  0x000000001e538800 JavaThread "Cache worker for file hash cache (C:\Users\saman\AndroidStudioProjects\Assignment5Project\.gradle\6.5\fileHashes)" [_thread_blocked, id=11032, stack(0x000000001ce10000,0x000000001cf10000)]
  0x000000001e537800 JavaThread "Thread-1161" [_thread_blocked, id=9596, stack(0x000000001cd10000,0x000000001ce10000)]
  0x000000001e536000 JavaThread "Stdin handler" [_thread_blocked, id=5268, stack(0x000000001cc10000,0x000000001cd10000)]
  0x000000001e537000 JavaThread "Asynchronous log dispatcher for DefaultDaemonConnection: socket connection from /127.0.0.1:60393 to /127.0.0.1:64547" [_thread_blocked, id=10692, stack(0x000000001c5c0000,0x000000001c6c0000)]
  0x000000001e535800 JavaThread "Cancel handler" [_thread_blocked, id=10920, stack(0x0000000000f10000,0x0000000001010000)]
  0x000000001e532800 JavaThread "Handler for socket connection from /127.0.0.1:60393 to /127.0.0.1:64547" [_thread_in_native, id=3204, stack(0x0000000000e10000,0x0000000000f10000)]
  0x000000001e530000 JavaThread "ForkJoinPool.commonPool-worker-3" daemon [_thread_blocked, id=8444, stack(0x0000000030500000,0x0000000030600000)]
  0x000000002e189800 JavaThread "Exec process Thread 27" [_thread_blocked, id=11036, stack(0x0000000028c40000,0x0000000028d40000)]
  0x000000002e188000 JavaThread "Exec process Thread 26" [_thread_blocked, id=2184, stack(0x0000000028510000,0x0000000028610000)]
  0x000000002e18f000 JavaThread "Exec process Thread 25" [_thread_blocked, id=5232, stack(0x0000000028410000,0x0000000028510000)]
  0x000000001bbe3800 JavaThread "jar transforms Thread 828" [_thread_blocked, id=4172, stack(0x0000000028010000,0x0000000028110000)]
  0x000000001bbe5000 JavaThread "jar transforms Thread 827" [_thread_blocked, id=6796, stack(0x0000000027f10000,0x0000000028010000)]
  0x000000001bbe6800 JavaThread "jar transforms Thread 826" [_thread_blocked, id=7680, stack(0x0000000027e10000,0x0000000027f10000)]
  0x000000001bbe6000 JavaThread "jar transforms Thread 825" [_thread_blocked, id=7472, stack(0x0000000027d10000,0x0000000027e10000)]
  0x000000001bbe1800 JavaThread "jar transforms Thread 824" [_thread_blocked, id=5768, stack(0x0000000027c10000,0x0000000027d10000)]
  0x000000001bbe0800 JavaThread "jar transforms Thread 823" [_thread_blocked, id=10216, stack(0x0000000027b10000,0x0000000027c10000)]
  0x000000001bbe3000 JavaThread "jar transforms Thread 822" [_thread_blocked, id=4568, stack(0x0000000027a10000,0x0000000027b10000)]
  0x000000001bbe4800 JavaThread "jar transforms Thread 821" [_thread_blocked, id=3552, stack(0x0000000027910000,0x0000000027a10000)]
  0x000000001bbd9000 JavaThread "jar transforms Thread 820" [_thread_blocked, id=7564, stack(0x0000000027810000,0x0000000027910000)]
  0x000000001bbdb800 JavaThread "jar transforms Thread 819" [_thread_blocked, id=7960, stack(0x0000000027710000,0x0000000027810000)]
  0x000000001bbda000 JavaThread "jar transforms Thread 818" [_thread_blocked, id=968, stack(0x0000000027610000,0x0000000027710000)]
  0x000000001bbe0000 JavaThread "jar transforms Thread 817" [_thread_blocked, id=9484, stack(0x0000000027510000,0x0000000027610000)]
  0x000000001bbdd000 JavaThread "jar transforms Thread 816" [_thread_blocked, id=5476, stack(0x0000000027410000,0x0000000027510000)]
  0x000000001bbdf000 JavaThread "jar transforms Thread 815" [_thread_blocked, id=4224, stack(0x0000000027310000,0x0000000027410000)]
  0x000000001bbd7800 JavaThread "jar transforms Thread 814" [_thread_blocked, id=3796, stack(0x0000000027210000,0x0000000027310000)]
  0x000000001bbde800 JavaThread "jar transforms Thread 813" [_thread_blocked, id=1300, stack(0x0000000027110000,0x0000000027210000)]
  0x000000001bbdc000 JavaThread "jar transforms Thread 812" [_thread_blocked, id=5856, stack(0x0000000027010000,0x0000000027110000)]
  0x000000001f97c000 JavaThread "jar transforms Thread 811" [_thread_blocked, id=10184, stack(0x0000000026f10000,0x0000000027010000)]
  0x000000001f97b800 JavaThread "jar transforms Thread 810" [_thread_blocked, id=10288, stack(0x0000000026e10000,0x0000000026f10000)]
  0x000000001f97a800 JavaThread "jar transforms Thread 809" [_thread_blocked, id=8292, stack(0x0000000026d10000,0x0000000026e10000)]
  0x000000001f97a000 JavaThread "jar transforms Thread 808" [_thread_blocked, id=2496, stack(0x0000000026c10000,0x0000000026d10000)]
  0x000000001f97d000 JavaThread "jar transforms Thread 807" [_thread_blocked, id=7480, stack(0x0000000026b10000,0x0000000026c10000)]
  0x000000001f979000 JavaThread "jar transforms Thread 806" [_thread_blocked, id=9544, stack(0x0000000026a10000,0x0000000026b10000)]
  0x000000001f977800 JavaThread "jar transforms Thread 805" [_thread_blocked, id=3704, stack(0x0000000026910000,0x0000000026a10000)]
  0x000000001f977000 JavaThread "jar transforms Thread 804" [_thread_blocked, id=7116, stack(0x0000000026810000,0x0000000026910000)]
  0x000000001f96f800 JavaThread "jar transforms Thread 803" [_thread_blocked, id=5708, stack(0x0000000026710000,0x0000000026810000)]
  0x000000001f975800 JavaThread "jar transforms Thread 802" [_thread_blocked, id=1676, stack(0x0000000026610000,0x0000000026710000)]
  0x000000001f976000 JavaThread "jar transforms Thread 801" [_thread_blocked, id=10048, stack(0x0000000026510000,0x0000000026610000)]
  0x000000001f96e000 JavaThread "jar transforms Thread 800" [_thread_blocked, id=6684, stack(0x0000000026410000,0x0000000026510000)]
  0x000000001f974800 JavaThread "jar transforms Thread 799" [_thread_blocked, id=9404, stack(0x0000000026310000,0x0000000026410000)]
  0x000000001f974000 JavaThread "jar transforms Thread 798" [_thread_blocked, id=7788, stack(0x0000000026210000,0x0000000026310000)]
  0x000000001f970000 JavaThread "jar transforms Thread 797" [_thread_blocked, id=5240, stack(0x0000000026110000,0x0000000026210000)]
  0x000000001f972800 JavaThread "jar transforms Thread 796" [_thread_blocked, id=1192, stack(0x0000000026010000,0x0000000026110000)]
  0x000000001f971000 JavaThread "jar transforms Thread 795" [_thread_blocked, id=7404, stack(0x0000000025f10000,0x0000000026010000)]
  0x000000001f973000 JavaThread "jar transforms Thread 794" [_thread_blocked, id=8888, stack(0x0000000025e10000,0x0000000025f10000)]
  0x000000001e94e000 JavaThread "jar transforms Thread 793" [_thread_blocked, id=9984, stack(0x0000000025d10000,0x0000000025e10000)]
  0x000000001e94e800 JavaThread "jar transforms Thread 792" [_thread_blocked, id=7356, stack(0x0000000025c10000,0x0000000025d10000)]
  0x000000001e94b000 JavaThread "jar transforms Thread 791" [_thread_blocked, id=5048, stack(0x0000000025b10000,0x0000000025c10000)]
  0x000000001e94a000 JavaThread "jar transforms Thread 790" [_thread_blocked, id=9712, stack(0x0000000025a10000,0x0000000025b10000)]
  0x000000001e94d000 JavaThread "jar transforms Thread 789" [_thread_blocked, id=8552, stack(0x0000000025910000,0x0000000025a10000)]
  0x000000001e94c800 JavaThread "jar transforms Thread 788" [_thread_blocked, id=6176, stack(0x0000000025810000,0x0000000025910000)]
  0x000000001e949800 JavaThread "jar transforms Thread 787" [_thread_blocked, id=960, stack(0x0000000025710000,0x0000000025810000)]
  0x000000001e94b800 JavaThread "jar transforms Thread 786" [_thread_blocked, id=9764, stack(0x0000000025610000,0x0000000025710000)]
  0x000000001e942000 JavaThread "jar transforms Thread 785" [_thread_blocked, id=1336, stack(0x0000000025510000,0x0000000025610000)]
  0x000000001e948000 JavaThread "jar transforms Thread 784" [_thread_blocked, id=9684, stack(0x0000000025410000,0x0000000025510000)]
  0x000000001e944000 JavaThread "jar transforms Thread 783" [_thread_blocked, id=10292, stack(0x0000000025310000,0x0000000025410000)]
  0x000000001e948800 JavaThread "jar transforms Thread 782" [_thread_blocked, id=2492, stack(0x0000000025210000,0x0000000025310000)]
  0x000000001e941000 JavaThread "jar transforms Thread 781" [_thread_blocked, id=2768, stack(0x0000000025110000,0x0000000025210000)]
  0x000000001e943800 JavaThread "jar transforms Thread 780" [_thread_blocked, id=6172, stack(0x0000000025010000,0x0000000025110000)]
  0x000000001e942800 JavaThread "jar transforms Thread 779" [_thread_blocked, id=10912, stack(0x0000000024f10000,0x0000000025010000)]
  0x000000001e940800 JavaThread "jar transforms Thread 778" [_thread_blocked, id=9528, stack(0x0000000024e10000,0x0000000024f10000)]
  0x000000001e946800 JavaThread "jar transforms Thread 777" [_thread_blocked, id=9900, stack(0x0000000024d10000,0x0000000024e10000)]
  0x000000001e945800 JavaThread "jar transforms Thread 776" [_thread_blocked, id=10008, stack(0x0000000024c10000,0x0000000024d10000)]
  0x000000001e947000 JavaThread "jar transforms Thread 775" [_thread_blocked, id=10856, stack(0x0000000024b10000,0x0000000024c10000)]
  0x00000000200e0800 JavaThread "jar transforms Thread 774" [_thread_blocked, id=7852, stack(0x0000000024a10000,0x0000000024b10000)]
  0x00000000200df000 JavaThread "jar transforms Thread 773" [_thread_blocked, id=6244, stack(0x0000000024910000,0x0000000024a10000)]
  0x00000000200de000 JavaThread "jar transforms Thread 772" [_thread_blocked, id=6160, stack(0x0000000024810000,0x0000000024910000)]
  0x00000000200e4800 JavaThread "jar transforms Thread 771" [_thread_blocked, id=10916, stack(0x0000000024710000,0x0000000024810000)]
  0x00000000200e3000 JavaThread "jar transforms Thread 770" [_thread_blocked, id=2268, stack(0x0000000024610000,0x0000000024710000)]
  0x00000000200df800 JavaThread "jar transforms Thread 769" [_thread_blocked, id=5212, stack(0x0000000024510000,0x0000000024610000)]
  0x00000000200e3800 JavaThread "jar transforms Thread 768" [_thread_blocked, id=4060, stack(0x0000000024410000,0x0000000024510000)]
  0x00000000200e1000 JavaThread "jar transforms Thread 767" [_thread_blocked, id=1684, stack(0x0000000024310000,0x0000000024410000)]
  0x00000000200e2000 JavaThread "jar transforms Thread 766" [_thread_blocked, id=3084, stack(0x0000000024210000,0x0000000024310000)]
  0x00000000200d6800 JavaThread "jar transforms Thread 765" [_thread_blocked, id=10088, stack(0x0000000024110000,0x0000000024210000)]
  0x00000000200dc800 JavaThread "jar transforms Thread 764" [_thread_blocked, id=1416, stack(0x0000000024010000,0x0000000024110000)]
  0x00000000200d9800 JavaThread "jar transforms Thread 763" [_thread_blocked, id=6960, stack(0x0000000023f10000,0x0000000024010000)]
  0x00000000200dc000 JavaThread "jar transforms Thread 762" [_thread_blocked, id=3668, stack(0x0000000023e10000,0x0000000023f10000)]
  0x00000000200dd800 JavaThread "jar transforms Thread 761" [_thread_blocked, id=3876, stack(0x0000000023d10000,0x0000000023e10000)]
  0x00000000200d5000 JavaThread "jar transforms Thread 760" [_thread_blocked, id=9676, stack(0x0000000023c10000,0x0000000023d10000)]
  0x00000000200d6000 JavaThread "jar transforms Thread 759" [_thread_blocked, id=8740, stack(0x0000000023b10000,0x0000000023c10000)]
  0x00000000200da800 JavaThread "jar transforms Thread 758" [_thread_blocked, id=3312, stack(0x0000000023a10000,0x0000000023b10000)]
  0x00000000200d9000 JavaThread "jar transforms Thread 757" [_thread_blocked, id=8464, stack(0x0000000023710000,0x0000000023810000)]
  0x00000000200d8000 JavaThread "jar transforms Thread 756" [_thread_blocked, id=3956, stack(0x0000000023610000,0x0000000023710000)]
  0x00000000200db000 JavaThread "jar transforms Thread 755" [_thread_blocked, id=8004, stack(0x0000000023510000,0x0000000023610000)]
  0x000000001f23b800 JavaThread "jar transforms Thread 754" [_thread_blocked, id=9016, stack(0x0000000023410000,0x0000000023510000)]
  0x000000001f23a000 JavaThread "jar transforms Thread 753" [_thread_blocked, id=676, stack(0x0000000023310000,0x0000000023410000)]
  0x000000001f23b000 JavaThread "jar transforms Thread 752" [_thread_blocked, id=11028, stack(0x0000000023210000,0x0000000023310000)]
  0x000000001f239800 JavaThread "jar transforms Thread 751" [_thread_blocked, id=1216, stack(0x0000000023110000,0x0000000023210000)]
  0x000000001f232000 JavaThread "jar transforms Thread 750" [_thread_blocked, id=760, stack(0x0000000023010000,0x0000000023110000)]
  0x000000001f237000 JavaThread "jar transforms Thread 749" [_thread_blocked, id=10360, stack(0x0000000022e10000,0x0000000022f10000)]
  0x000000001f236800 JavaThread "jar transforms Thread 748" [_thread_blocked, id=6036, stack(0x0000000022d10000,0x0000000022e10000)]
  0x000000001f238800 JavaThread "jar transforms Thread 747" [_thread_blocked, id=7580, stack(0x0000000022c10000,0x0000000022d10000)]
  0x000000001f231000 JavaThread "jar transforms Thread 746" [_thread_blocked, id=11232, stack(0x0000000022b10000,0x0000000022c10000)]
  0x000000001f22f800 JavaThread "jar transforms Thread 745" [_thread_blocked, id=8000, stack(0x0000000022a10000,0x0000000022b10000)]
  0x000000001f232800 JavaThread "jar transforms Thread 744" [_thread_blocked, id=8208, stack(0x0000000022910000,0x0000000022a10000)]
  0x000000001f22f000 JavaThread "jar transforms Thread 743" [_thread_blocked, id=10388, stack(0x0000000022810000,0x0000000022910000)]
  0x000000001f235000 JavaThread "jar transforms Thread 742" [_thread_blocked, id=5512, stack(0x0000000022710000,0x0000000022810000)]
  0x000000001f233800 JavaThread "jar transforms Thread 741" [_thread_blocked, id=2832, stack(0x0000000022610000,0x0000000022710000)]
  0x000000001f234000 JavaThread "jar transforms Thread 740" [_thread_blocked, id=3628, stack(0x0000000022510000,0x0000000022610000)]
  0x000000001f230800 JavaThread "jar transforms Thread 739" [_thread_blocked, id=5188, stack(0x0000000022410000,0x0000000022510000)]
  0x000000001f235800 JavaThread "jar transforms Thread 738" [_thread_blocked, id=9340, stack(0x0000000022310000,0x0000000022410000)]
  0x000000001f22e000 JavaThread "jar transforms Thread 737" [_thread_blocked, id=10532, stack(0x0000000022210000,0x0000000022310000)]
  0x000000001b5cd000 JavaThread "Daemon worker Thread 8" [_thread_in_Java, id=8228, stack(0x000000001c4c0000,0x000000001c5c0000)]
  0x000000001b5c5800 JavaThread "Daemon Thread 8" [_thread_blocked, id=5636, stack(0x0000000000d10000,0x0000000000e10000)]
  0x000000001b5d2800 JavaThread "MarlinRenderer Disposer" daemon [_thread_blocked, id=4644, stack(0x0000000031c40000,0x0000000031d40000)]
  0x000000001b5d1000 JavaThread "Java2D Disposer" daemon [_thread_blocked, id=6496, stack(0x0000000031a80000,0x0000000031b80000)]
  0x000000001e533000 JavaThread "Cache worker for Java compile cache (C:\Users\saman\.gradle\caches\6.5\javaCompile)" [_thread_blocked, id=2856, stack(0x000000002c380000,0x000000002c480000)]
  0x000000001f238000 JavaThread "Memory manager" [_thread_blocked, id=2232, stack(0x0000000029890000,0x0000000029990000)]
  0x000000001b540000 JavaThread "Cache worker for file content cache (C:\Users\saman\.gradle\caches\6.5\fileContent)" [_thread_blocked, id=3624, stack(0x0000000021b10000,0x0000000021c10000)]
  0x000000001b544800 JavaThread "Cache worker for execution history cache (C:\Users\saman\.gradle\caches\6.5\executionHistory)" [_thread_blocked, id=9128, stack(0x0000000021310000,0x0000000021410000)]
  0x000000001b540800 JavaThread "Cache worker for file hash cache (C:\Users\saman\.gradle\caches\6.5\fileHashes)" [_thread_blocked, id=9140, stack(0x000000001d710000,0x000000001d810000)]
  0x000000001b543800 JavaThread "File lock request listener" [_thread_in_native, id=7188, stack(0x000000001d610000,0x000000001d710000)]
  0x000000001b54e800 JavaThread "Cache worker for journal cache (C:\Users\saman\.gradle\caches\journal-1)" [_thread_blocked, id=6836, stack(0x000000001d510000,0x000000001d610000)]
  0x000000001b1d8000 JavaThread "Daemon periodic checks" [_thread_blocked, id=8300, stack(0x000000001c910000,0x000000001ca10000)]
  0x000000001b15b000 JavaThread "Incoming local TCP Connector on port 60393" [_thread_in_native, id=7412, stack(0x000000001c6c0000,0x000000001c7c0000)]
  0x00000000191c0000 JavaThread "Daemon health stats" [_thread_blocked, id=10720, stack(0x000000001c080000,0x000000001c180000)]
  0x0000000019100800 JavaThread "Service Thread" daemon [_thread_blocked, id=10516, stack(0x00000000194e0000,0x00000000195e0000)]
  0x0000000017794000 JavaThread "C1 CompilerThread2" daemon [_thread_blocked, id=7996, stack(0x0000000018fe0000,0x00000000190e0000)]
  0x0000000017789800 JavaThread "C2 CompilerThread1" daemon [_thread_blocked, id=9644, stack(0x0000000018ee0000,0x0000000018fe0000)]
=>0x0000000017783000 JavaThread "C2 CompilerThread0" daemon [_thread_in_native, id=6392, stack(0x0000000018de0000,0x0000000018ee0000)]
  0x0000000017786000 JavaThread "Attach Listener" daemon [_thread_blocked, id=4176, stack(0x0000000018ce0000,0x0000000018de0000)]
  0x0000000017784800 JavaThread "Signal Dispatcher" daemon [_thread_blocked, id=3004, stack(0x0000000018be0000,0x0000000018ce0000)]
  0x0000000017769800 JavaThread "Finalizer" daemon [_thread_blocked, id=4592, stack(0x00000000189e0000,0x0000000018ae0000)]
  0x0000000002a71000 JavaThread "Reference Handler" daemon [_thread_blocked, id=4972, stack(0x00000000188e0000,0x00000000189e0000)]
  0x0000000002b5e000 JavaThread "main" [_thread_blocked, id=11212, stack(0x0000000002850000,0x0000000002950000)]

Other Threads:
  0x0000000017746000 VMThread [stack: 0x00000000187e0000,0x00000000188e0000] [id=7872]
  0x00000000177dd000 WatcherThread [stack: 0x00000000195e0000,0x00000000196e0000] [id=6588]

VM state:not at safepoint (normal execution)

VM Mutex/Monitor currently owned by a thread: None

heap address: 0x0000000080000000, size: 2048 MB, Compressed Oops mode: 32-bit
Narrow klass base: 0x0000000000000000, Narrow klass shift: 3
Compressed class space size: 1073741824 Address: 0x0000000100000000

Heap:
 PSYoungGen      total 427520K, used 289712K [0x00000000d5580000, 0x00000000f7880000, 0x0000000100000000)
  eden space 316416K, 85% used [0x00000000d5580000,0x00000000e5f093f8,0x00000000e8a80000)
  from space 111104K, 16% used [0x00000000e8a80000,0x00000000e9be2ea8,0x00000000ef700000)
  to   space 109568K, 0% used [0x00000000f0d80000,0x00000000f0d80000,0x00000000f7880000)
 ParOldGen       total 208896K, used 155558K [0x0000000080000000, 0x000000008cc00000, 0x00000000d5580000)
  object space 208896K, 74% used [0x0000000080000000,0x00000000897e9928,0x000000008cc00000)
 Metaspace       used 110511K, capacity 117898K, committed 118104K, reserved 1150976K
  class space    used 14316K, capacity 15646K, committed 15744K, reserved 1048576K

Card table byte_map: [0x0000000011f20000,0x0000000012330000] byte_map_base: 0x0000000011b20000

Marking Bits: (ParMarkBitMap*) 0x00000000736af030
 Begin Bits: [0x00000000129e0000, 0x00000000149e0000)
 End Bits:   [0x00000000149e0000, 0x00000000169e0000)

Polling page: 0x0000000002950000

CodeCache: size=245760Kb used=71118Kb max_used=71147Kb free=174641Kb
 bounds [0x0000000002b60000, 0x0000000007150000, 0x0000000011b60000]
 total_blobs=20676 nmethods=19671 adapters=914
 compilation: enabled

Compilation events (10 events):
Event: 3967.292 Thread 0x0000000017794000 25958       3       com.google.common.collect.LinkedListMultimap$1KeySetImpl::size (13 bytes)
Event: 3967.292 Thread 0x0000000017794000 nmethod 25958 0x0000000006f7e250 code [0x0000000006f7e3c0, 0x0000000006f7e5e8]
Event: 3967.388 Thread 0x0000000017794000 25959       3       com.google.common.collect.Sets::newHashSetWithExpectedSize (12 bytes)
Event: 3967.390 Thread 0x0000000017794000 nmethod 25959 0x0000000006f7d810 code [0x0000000006f7da00, 0x0000000006f7df98]
Event: 3967.390 Thread 0x0000000017794000 25960       3       org.gradle.internal.authentication.DefaultAuthenticationContainer_Decorated::getStore (40 bytes)
Event: 3967.392 Thread 0x0000000017794000 nmethod 25960 0x0000000006f7cc10 code [0x0000000006f7cde0, 0x0000000006f7d528]
Event: 3967.398 Thread 0x0000000017789800 25961       4       org.gradle.api.internal.artifacts.ResolvedConfigurationIdentifier::<init> (15 bytes)
Event: 3967.398 Thread 0x0000000017789800 nmethod 25961 0x0000000002c98710 code [0x0000000002c98840, 0x0000000002c988b8]
Event: 3967.437 Thread 0x0000000017794000 25962       3       com.google.common.collect.LinkedListMultimap$DistinctKeyIterator::<init> (51 bytes)
Event: 3967.440 Thread 0x0000000017794000 nmethod 25962 0x0000000006f7b7d0 code [0x0000000006f7ba00, 0x0000000006f7c468]

GC Heap History (10 events):
Event: 3265.051 GC heap before
{Heap before GC invocations=37 (full 4):
 PSYoungGen      total 357888K, used 323590K [0x00000000d5580000, 0x00000000f1280000, 0x0000000100000000)
  eden space 270336K, 100% used [0x00000000d5580000,0x00000000e5d80000,0x00000000e5d80000)
  from space 87552K, 60% used [0x00000000ebd00000,0x00000000ef101a70,0x00000000f1280000)
  to   space 92672K, 0% used [0x00000000e5d80000,0x00000000e5d80000,0x00000000eb800000)
 ParOldGen       total 208896K, used 121729K [0x0000000080000000, 0x000000008cc00000, 0x00000000d5580000)
  object space 208896K, 58% used [0x0000000080000000,0x00000000876e05b0,0x000000008cc00000)
 Metaspace       used 109067K, capacity 115512K, committed 115800K, reserved 1148928K
  class space    used 14191K, capacity 15419K, committed 15488K, reserved 1048576K
Event: 3266.297 GC heap after
Heap after GC invocations=37 (full 4):
 PSYoungGen      total 363008K, used 73847K [0x00000000d5580000, 0x00000000f4080000, 0x0000000100000000)
  eden space 270336K, 0% used [0x00000000d5580000,0x00000000d5580000,0x00000000e5d80000)
  from space 92672K, 79% used [0x00000000e5d80000,0x00000000ea59de70,0x00000000eb800000)
  to   space 99840K, 0% used [0x00000000edf00000,0x00000000edf00000,0x00000000f4080000)
 ParOldGen       total 208896K, used 121737K [0x0000000080000000, 0x000000008cc00000, 0x00000000d5580000)
  object space 208896K, 58% used [0x0000000080000000,0x00000000876e25b0,0x000000008cc00000)
 Metaspace       used 109067K, capacity 115512K, committed 115800K, reserved 1148928K
  class space    used 14191K, capacity 15419K, committed 15488K, reserved 1048576K
}
Event: 3272.928 GC heap before
{Heap before GC invocations=38 (full 4):
 PSYoungGen      total 363008K, used 344183K [0x00000000d5580000, 0x00000000f4080000, 0x0000000100000000)
  eden space 270336K, 100% used [0x00000000d5580000,0x00000000e5d80000,0x00000000e5d80000)
  from space 92672K, 79% used [0x00000000e5d80000,0x00000000ea59de70,0x00000000eb800000)
  to   space 99840K, 0% used [0x00000000edf00000,0x00000000edf00000,0x00000000f4080000)
 ParOldGen       total 208896K, used 121737K [0x0000000080000000, 0x000000008cc00000, 0x00000000d5580000)
  object space 208896K, 58% used [0x0000000080000000,0x00000000876e25b0,0x000000008cc00000)
 Metaspace       used 109397K, capacity 115874K, committed 116056K, reserved 1150976K
  class space    used 14193K, capacity 15420K, committed 15488K, reserved 1048576K
Event: 3273.111 GC heap after
Heap after GC invocations=38 (full 4):
 PSYoungGen      total 390656K, used 91714K [0x00000000d5580000, 0x00000000f5780000, 0x0000000100000000)
  eden space 290816K, 0% used [0x00000000d5580000,0x00000000d5580000,0x00000000e7180000)
  from space 99840K, 91% used [0x00000000edf00000,0x00000000f3890870,0x00000000f4080000)
  to   space 112128K, 0% used [0x00000000e7180000,0x00000000e7180000,0x00000000edf00000)
 ParOldGen       total 208896K, used 155542K [0x0000000080000000, 0x000000008cc00000, 0x00000000d5580000)
  object space 208896K, 74% used [0x0000000080000000,0x00000000897e5928,0x000000008cc00000)
 Metaspace       used 109397K, capacity 115874K, committed 116056K, reserved 1150976K
  class space    used 14193K, capacity 15420K, committed 15488K, reserved 1048576K
}
Event: 3608.655 GC heap before
{Heap before GC invocations=39 (full 4):
 PSYoungGen      total 390656K, used 382530K [0x00000000d5580000, 0x00000000f5780000, 0x0000000100000000)
  eden space 290816K, 100% used [0x00000000d5580000,0x00000000e7180000,0x00000000e7180000)
  from space 99840K, 91% used [0x00000000edf00000,0x00000000f3890870,0x00000000f4080000)
  to   space 112128K, 0% used [0x00000000e7180000,0x00000000e7180000,0x00000000edf00000)
 ParOldGen       total 208896K, used 155542K [0x0000000080000000, 0x000000008cc00000, 0x00000000d5580000)
  object space 208896K, 74% used [0x0000000080000000,0x00000000897e5928,0x000000008cc00000)
 Metaspace       used 109686K, capacity 116282K, committed 116568K, reserved 1150976K
  class space    used 14211K, capacity 15454K, committed 15488K, reserved 1048576K
Event: 3609.454 GC heap after
Heap after GC invocations=39 (full 4):
 PSYoungGen      total 402944K, used 67983K [0x00000000d5580000, 0x00000000f6b00000, 0x0000000100000000)
  eden space 290816K, 0% used [0x00000000d5580000,0x00000000d5580000,0x00000000e7180000)
  from space 112128K, 60% used [0x00000000e7180000,0x00000000eb3e3ff0,0x00000000edf00000)
  to   space 113152K, 0% used [0x00000000efc80000,0x00000000efc80000,0x00000000f6b00000)
 ParOldGen       total 208896K, used 155550K [0x0000000080000000, 0x000000008cc00000, 0x00000000d5580000)
  object space 208896K, 74% used [0x0000000080000000,0x00000000897e7928,0x000000008cc00000)
 Metaspace       used 109686K, capacity 116282K, committed 116568K, reserved 1150976K
  class space    used 14211K, capacity 15454K, committed 15488K, reserved 1048576K
}
Event: 3671.904 GC heap before
{Heap before GC invocations=40 (full 4):
 PSYoungGen      total 402944K, used 358799K [0x00000000d5580000, 0x00000000f6b00000, 0x0000000100000000)
  eden space 290816K, 100% used [0x00000000d5580000,0x00000000e7180000,0x00000000e7180000)
  from space 112128K, 60% used [0x00000000e7180000,0x00000000eb3e3ff0,0x00000000edf00000)
  to   space 113152K, 0% used [0x00000000efc80000,0x00000000efc80000,0x00000000f6b00000)
 ParOldGen       total 208896K, used 155550K [0x0000000080000000, 0x000000008cc00000, 0x00000000d5580000)
  object space 208896K, 74% used [0x0000000080000000,0x00000000897e7928,0x000000008cc00000)
 Metaspace       used 109803K, capacity 116374K, committed 116568K, reserved 1150976K
  class space    used 14213K, capacity 15458K, committed 15488K, reserved 1048576K
Event: 3672.314 GC heap after
Heap after GC invocations=40 (full 4):
 PSYoungGen      total 421888K, used 27089K [0x00000000d5580000, 0x00000000f6380000, 0x0000000100000000)
  eden space 316416K, 0% used [0x00000000d5580000,0x00000000d5580000,0x00000000e8a80000)
  from space 105472K, 25% used [0x00000000efc80000,0x00000000f16f46c0,0x00000000f6380000)
  to   space 111104K, 0% used [0x00000000e8a80000,0x00000000e8a80000,0x00000000ef700000)
 ParOldGen       total 208896K, used 155558K [0x0000000080000000, 0x000000008cc00000, 0x00000000d5580000)
  object space 208896K, 74% used [0x0000000080000000,0x00000000897e9928,0x000000008cc00000)
 Metaspace       used 109803K, capacity 116374K, committed 116568K, reserved 1150976K
  class space    used 14213K, capacity 15458K, committed 15488K, reserved 1048576K
}
Event: 3941.869 GC heap before
{Heap before GC invocations=41 (full 4):
 PSYoungGen      total 421888K, used 343505K [0x00000000d5580000, 0x00000000f6380000, 0x0000000100000000)
  eden space 316416K, 100% used [0x00000000d5580000,0x00000000e8a80000,0x00000000e8a80000)
  from space 105472K, 25% used [0x00000000efc80000,0x00000000f16f46c0,0x00000000f6380000)
  to   space 111104K, 0% used [0x00000000e8a80000,0x00000000e8a80000,0x00000000ef700000)
 ParOldGen       total 208896K, used 155558K [0x0000000080000000, 0x000000008cc00000, 0x00000000d5580000)
  object space 208896K, 74% used [0x0000000080000000,0x00000000897e9928,0x000000008cc00000)
 Metaspace       used 110207K, capacity 117282K, committed 117464K, reserved 1150976K
  class space    used 14277K, capacity 15576K, committed 15616K, reserved 1048576K
Event: 3943.386 GC heap after
Heap after GC invocations=41 (full 4):
 PSYoungGen      total 427520K, used 17803K [0x00000000d5580000, 0x00000000f7880000, 0x0000000100000000)
  eden space 316416K, 0% used [0x00000000d5580000,0x00000000d5580000,0x00000000e8a80000)
  from space 111104K, 16% used [0x00000000e8a80000,0x00000000e9be2ea8,0x00000000ef700000)
  to   space 109568K, 0% used [0x00000000f0d80000,0x00000000f0d80000,0x00000000f7880000)
 ParOldGen       total 208896K, used 155558K [0x0000000080000000, 0x000000008cc00000, 0x00000000d5580000)
  object space 208896K, 74% used [0x0000000080000000,0x00000000897e9928,0x000000008cc00000)
 Metaspace       used 110207K, capacity 117282K, committed 117464K, reserved 1150976K
  class space    used 14277K, capacity 15576K, committed 15616K, reserved 1048576K
}

Deoptimization events (10 events):
Event: 3671.096 Thread 0x000000001e530000 Uncommon trap: reason=class_check action=maybe_recompile pc=0x000000000416f104 method=com.sun.org.apache.xerces.internal.dom.NamedNodeMapImpl.getNamedItem(Ljava/lang/String;)Lorg/w3c/dom/Node; @ 28
Event: 3671.428 Thread 0x000000001e530000 Uncommon trap: reason=null_check action=make_not_entrant pc=0x0000000004150b54 method=com.sun.org.apache.xerces.internal.dom.NamedNodeMapImpl.findNamePoint(Ljava/lang/String;Ljava/lang/String;)I @ 105
Event: 3826.678 Thread 0x000000002e188000 Uncommon trap: reason=array_check action=maybe_recompile pc=0x0000000006eff0cc method=com.google.common.collect.RegularImmutableMap.fromEntryArray(I[Ljava/util/Map$Entry;)Lcom/google/common/collect/ImmutableMap; @ 157
Event: 3826.683 Thread 0x000000002e188000 Uncommon trap: reason=array_check action=maybe_recompile pc=0x0000000006eff0cc method=com.google.common.collect.RegularImmutableMap.fromEntryArray(I[Ljava/util/Map$Entry;)Lcom/google/common/collect/ImmutableMap; @ 157
Event: 3826.696 Thread 0x000000002e188000 Uncommon trap: reason=array_check action=maybe_recompile pc=0x0000000006eff0cc method=com.google.common.collect.RegularImmutableMap.fromEntryArray(I[Ljava/util/Map$Entry;)Lcom/google/common/collect/ImmutableMap; @ 157
Event: 3826.696 Thread 0x000000002e188000 Uncommon trap: reason=array_check action=maybe_recompile pc=0x0000000006eff0cc method=com.google.common.collect.RegularImmutableMap.fromEntryArray(I[Ljava/util/Map$Entry;)Lcom/google/common/collect/ImmutableMap; @ 157
Event: 3828.532 Thread 0x000000002e195800 Uncommon trap: reason=unstable_if action=reinterpret pc=0x00000000052f5850 method=java.util.concurrent.locks.LockSupport.unpark(Ljava/lang/Thread;)V @ 1
Event: 3828.794 Thread 0x000000001e531800 Uncommon trap: reason=class_check action=maybe_recompile pc=0x0000000006f76024 method=com.sun.org.apache.xerces.internal.dom.NamedNodeMapImpl.getNamedItem(Ljava/lang/String;)Lorg/w3c/dom/Node; @ 28
Event: 3834.778 Thread 0x000000001e538800 Uncommon trap: reason=array_check action=maybe_recompile pc=0x00000000054fda6c method=com.google.common.collect.RegularImmutableMap.fromEntryArray(I[Ljava/util/Map$Entry;)Lcom/google/common/collect/ImmutableMap; @ 157
Event: 3954.602 Thread 0x000000002e194000 Uncommon trap: reason=unstable_if action=reinterpret pc=0x0000000004426dd0 method=java.io.BufferedReader.readLine(Z)Ljava/lang/String; @ 265

Classes redefined (0 events):
No events

Internal exceptions (10 events):
Event: 3955.841 Thread 0x000000002e193800 Exception <a 'sun/nio/fs/WindowsException'> (0x00000000de098240) thrown at [C:\src\AOSP-openjdk-git\hotspot\src\share\vm\prims\jni.cpp, line 710]
Event: 3955.842 Thread 0x000000002e193800 Exception <a 'sun/nio/fs/WindowsException'> (0x00000000de098ac8) thrown at [C:\src\AOSP-openjdk-git\hotspot\src\share\vm\prims\jni.cpp, line 710]
Event: 3955.842 Thread 0x000000002e193800 Exception <a 'sun/nio/fs/WindowsException'> (0x00000000de098f70) thrown at [C:\src\AOSP-openjdk-git\hotspot\src\share\vm\prims\jni.cpp, line 710]
Event: 3956.336 Thread 0x000000002e192800 Exception <a 'sun/nio/fs/WindowsException'> (0x00000000dfa41e38) thrown at [C:\src\AOSP-openjdk-git\hotspot\src\share\vm\prims\jni.cpp, line 710]
Event: 3956.337 Thread 0x000000002e192800 Exception <a 'sun/nio/fs/WindowsException'> (0x00000000dfa42b40) thrown at [C:\src\AOSP-openjdk-git\hotspot\src\share\vm\prims\jni.cpp, line 710]
Event: 3956.338 Thread 0x000000002e192800 Exception <a 'sun/nio/fs/WindowsException'> (0x00000000dfa496c0) thrown at [C:\src\AOSP-openjdk-git\hotspot\src\share\vm\prims\jni.cpp, line 710]
Event: 3956.338 Thread 0x000000002e192800 Exception <a 'sun/nio/fs/WindowsException'> (0x00000000dfa4a408) thrown at [C:\src\AOSP-openjdk-git\hotspot\src\share\vm\prims\jni.cpp, line 710]
Event: 3956.338 Thread 0x000000002e192800 Exception <a 'sun/nio/fs/WindowsException'> (0x00000000dfa4c2f8) thrown at [C:\src\AOSP-openjdk-git\hotspot\src\share\vm\prims\jni.cpp, line 710]
Event: 3956.338 Thread 0x000000002e192800 Exception <a 'sun/nio/fs/WindowsException'> (0x00000000dfa4d050) thrown at [C:\src\AOSP-openjdk-git\hotspot\src\share\vm\prims\jni.cpp, line 710]
Event: 3965.515 Thread 0x000000001b5cd000 Exception <a 'sun/nio/fs/WindowsException'> (0x00000000e310f320) thrown at [C:\src\AOSP-openjdk-git\hotspot\src\share\vm\prims\jni.cpp, line 710]

Events (10 events):
Event: 3966.066 Executing VM operation: RevokeBias
Event: 3966.070 Executing VM operation: RevokeBias done
Event: 3966.101 Executing VM operation: RevokeBias
Event: 3966.106 Executing VM operation: RevokeBias done
Event: 3966.106 Executing VM operation: BulkRevokeBias
Event: 3966.109 Executing VM operation: BulkRevokeBias done
Event: 3966.109 Executing VM operation: RevokeBias
Event: 3966.110 Executing VM operation: RevokeBias done
Event: 3966.110 Executing VM operation: RevokeBias
Event: 3966.114 Executing VM operation: RevokeBias done


Dynamic libraries:
0x00007ff6d2120000 - 0x00007ff6d2151000 	C:\Program Files\Android\Android Studio\jre\bin\java.exe
0x00007ffa0f390000 - 0x00007ffa0f585000 	C:\Windows\SYSTEM32\ntdll.dll
0x00007ffa0f160000 - 0x00007ffa0f21d000 	C:\Windows\System32\KERNEL32.DLL
0x00007ffa0d020000 - 0x00007ffa0d2e8000 	C:\Windows\System32\KERNELBASE.dll
0x00007ffa0de10000 - 0x00007ffa0debc000 	C:\Windows\System32\ADVAPI32.dll
0x00007ffa0d8a0000 - 0x00007ffa0d93e000 	C:\Windows\System32\msvcrt.dll
0x00007ffa0e180000 - 0x00007ffa0e21b000 	C:\Windows\System32\sechost.dll
0x00007ffa0dfe0000 - 0x00007ffa0e10b000 	C:\Windows\System32\RPCRT4.dll
0x00007ffa0d6e0000 - 0x00007ffa0d880000 	C:\Windows\System32\USER32.dll
0x00007ffa0cb60000 - 0x00007ffa0cb82000 	C:\Windows\System32\win32u.dll
0x00007ffa0f220000 - 0x00007ffa0f24a000 	C:\Windows\System32\GDI32.dll
0x00007ffa0cd30000 - 0x00007ffa0ce3b000 	C:\Windows\System32\gdi32full.dll
0x00007ffa0cc90000 - 0x00007ffa0cd2d000 	C:\Windows\System32\msvcp_win.dll
0x00007ffa0cb90000 - 0x00007ffa0cc90000 	C:\Windows\System32\ucrtbase.dll
0x00007ffa0be80000 - 0x00007ffa0c11a000 	C:\Windows\WinSxS\amd64_microsoft.windows.common-controls_6595b64144ccf1df_6.0.19041.844_none_ca00b6081b84eb1d\COMCTL32.dll
0x00007ffa0ed20000 - 0x00007ffa0ed50000 	C:\Windows\System32\IMM32.DLL
0x0000000072390000 - 0x0000000072462000 	C:\Program Files\Android\Android Studio\jre\jre\bin\msvcr100.dll
0x0000000072ee0000 - 0x000000007372b000 	C:\Program Files\Android\Android Studio\jre\jre\bin\server\jvm.dll
0x00007ffa0f2e0000 - 0x00007ffa0f2e8000 	C:\Windows\System32\PSAPI.DLL
0x00007ff9f9620000 - 0x00007ff9f9629000 	C:\Windows\SYSTEM32\WSOCK32.dll
0x00007ffa0df70000 - 0x00007ffa0dfdb000 	C:\Windows\System32\WS2_32.dll
0x00007ffa09aa0000 - 0x00007ffa09aaa000 	C:\Windows\SYSTEM32\VERSION.dll
0x00007ff9f8c70000 - 0x00007ff9f8c97000 	C:\Windows\SYSTEM32\WINMM.dll
0x00007ff9d33d0000 - 0x00007ff9d33df000 	C:\Program Files\Android\Android Studio\jre\jre\bin\verify.dll
0x00007ff9d33a0000 - 0x00007ff9d33c9000 	C:\Program Files\Android\Android Studio\jre\jre\bin\java.dll
0x00007ff9d3380000 - 0x00007ff9d3396000 	C:\Program Files\Android\Android Studio\jre\jre\bin\zip.dll
0x00007ffa0e4b0000 - 0x00007ffa0ebf2000 	C:\Windows\System32\SHELL32.dll
0x00007ffa09c70000 - 0x00007ffa0a400000 	C:\Windows\SYSTEM32\windows.storage.dll
0x00007ffa0ed50000 - 0x00007ffa0f0a5000 	C:\Windows\System32\combase.dll
0x00007ffa0be50000 - 0x00007ffa0be7c000 	C:\Windows\SYSTEM32\Wldp.dll
0x00007ffa0f0b0000 - 0x00007ffa0f15e000 	C:\Windows\System32\SHCORE.dll
0x00007ffa0d400000 - 0x00007ffa0d455000 	C:\Windows\System32\shlwapi.dll
0x00007ffa0ca10000 - 0x00007ffa0ca2f000 	C:\Windows\SYSTEM32\profapi.dll
0x00007ff9d3360000 - 0x00007ff9d337a000 	C:\Program Files\Android\Android Studio\jre\jre\bin\net.dll
0x00007ffa0bd40000 - 0x00007ffa0bdaa000 	C:\Windows\system32\mswsock.dll
0x00007ff9d3340000 - 0x00007ff9d3353000 	C:\Program Files\Android\Android Studio\jre\jre\bin\nio.dll
0x00007ff9ca9d0000 - 0x00007ff9ca9f7000 	C:\Users\saman\.gradle\native\f6784746aeab05261644944871eae4fe03e0ef1612fff0a4a95f87b438bc6780\windows-amd64\native-platform.dll
0x00007ff9d3330000 - 0x00007ff9d333d000 	C:\Program Files\Android\Android Studio\jre\jre\bin\management.dll
0x00007ffa0c7f0000 - 0x00007ffa0c808000 	C:\Windows\SYSTEM32\CRYPTSP.dll
0x00007ffa0b540000 - 0x00007ffa0b574000 	C:\Windows\system32\rsaenh.dll
0x00007ffa0cb30000 - 0x00007ffa0cb57000 	C:\Windows\System32\bcrypt.dll
0x00007ffa0c990000 - 0x00007ffa0c9be000 	C:\Windows\SYSTEM32\USERENV.dll
0x00007ffa0ce40000 - 0x00007ffa0cec0000 	C:\Windows\System32\bcryptprimitives.dll
0x00007ffa0bdb0000 - 0x00007ffa0bdbc000 	C:\Windows\SYSTEM32\CRYPTBASE.dll
0x00007ffa0bae0000 - 0x00007ffa0bb1b000 	C:\Windows\SYSTEM32\IPHLPAPI.DLL
0x00007ffa0d3f0000 - 0x00007ffa0d3f8000 	C:\Windows\System32\NSI.dll
0x00007ff9fa6f0000 - 0x00007ff9fa707000 	C:\Windows\SYSTEM32\dhcpcsvc6.DLL
0x00007ff9fb090000 - 0x00007ff9fb0ad000 	C:\Windows\SYSTEM32\dhcpcsvc.DLL
0x00007ffa0b840000 - 0x00007ffa0b90c000 	C:\Windows\SYSTEM32\DNSAPI.dll
0x00007ffa02f50000 - 0x00007ffa02f5b000 	C:\Windows\SYSTEM32\WINNSI.DLL
0x00007ff9b7690000 - 0x00007ff9b782c000 	C:\Program Files\Android\Android Studio\jre\jre\bin\awt.dll
0x00007ffa0d460000 - 0x00007ffa0d52d000 	C:\Windows\System32\OLEAUT32.dll
0x00007ffa09750000 - 0x00007ffa0977f000 	C:\Windows\SYSTEM32\dwmapi.dll
0x00007ffa082f0000 - 0x00007ffa088b0000 	C:\Windows\SYSTEM32\d2d1.dll
0x00007ffa09490000 - 0x00007ffa09520000 	C:\Windows\SYSTEM32\apphelp.dll
0x00007ffa09620000 - 0x00007ffa096be000 	C:\Windows\system32\uxtheme.dll

VM Arguments:
jvm_args: -Xmx2048m -Dfile.encoding=UTF-8 -Duser.country=SE -Duser.language=sv -Duser.variant 
java_command: org.gradle.launcher.daemon.bootstrap.GradleDaemon 6.5
java_class_path (initial): C:\Users\saman\.gradle\wrapper\dists\gradle-6.5-bin\6nifqtx7604sqp1q6g8wikw7p\gradle-6.5\lib\gradle-launcher-6.5.jar
Launcher Type: SUN_STANDARD

Environment Variables:
PATH=C:\Windows\system32;C:\Windows;C:\Windows\System32\Wbem;C:\Windows\System32\WindowsPowerShell\v1.0\;C:\Windows\System32\OpenSSH\;C:\Program Files\Git\cmd;C:\Users\saman\AppData\Local\Microsoft\WindowsApps;;C:\Users\saman\AppData\Local\Programs\Microsoft VS Code\bin
USERNAME=saman
OS=Windows_NT
PROCESSOR_IDENTIFIER=Intel64 Family 6 Model 126 Stepping 5, GenuineIntel



---------------  S Y S T E M  ---------------

OS: Windows 10.0 , 64 bit Build 19041 (10.0.19041.928)

CPU:total 4 (initial active 4) (2 cores per cpu, 2 threads per core) family 6 model 126 stepping 5, cmov, cx8, fxsr, mmx, sse, sse2, sse3, ssse3, sse4.1, sse4.2, popcnt, avx, avx2, aes, clmul, erms, 3dnowpref, lzcnt, ht, tsc, tscinvbit, bmi1, bmi2, adx

Memory: 4k page, physical 8073188k(264792k free), swap 33239012k(2628k free)

vm_info: OpenJDK 64-Bit Server VM (25.242-b01) for windows-amd64 JRE (1.8.0_242-release-1644-b01), built by "builder" with MS VC++ 10.0 (VS2010)

time: Tue May 18 00:27:51 2021
timezone: Västeuropa, sommartid
elapsed time: 3967 seconds (0d 1h 6m 7s)

